#
# A fatal error has been detected by the Java Runtime Environment:
#
#  EXCEPTION_ACCESS_VIOLATION (0xc0000005) at pc=0x77e8092c, pid=14896, tid=0x000064e8
#
# JRE version: Java(TM) SE Runtime Environment (8.0_191-b12) (build 1.8.0_191-b12)
# Java VM: Java HotSpot(TM) Client VM (25.191-b12 mixed mode windows-x86 )
# Problematic frame:
# C  [ntdll.dll+0x7092c]
#
# Failed to write core dump. Minidumps are not enabled by default on client versions of Windows
#
# If you would like to submit a bug report, please visit:
#   http://bugreport.java.com/bugreport/crash.jsp
# The crash happened outside the Java Virtual Machine in native code.
# See problematic frame for where to report the bug.
#

---------------  T H R E A D  ---------------

Current thread (0x29cc5400):  JavaThread "EventThread COM10" [_thread_in_native, id=25832, stack(0x27720000,0x27770000)]

siginfo: ExceptionCode=0xc0000005, writing address 0x000014e0

Registers:
EAX=0x00000000, EBX=0x00000000, ECX=0x00000000, EDX=0x00000000
ESP=0x2776f598, EBP=0x2776f5e8, ESI=0x00000000, EDI=0x003148bc
EIP=0x77e8092c, EFLAGS=0x00000202

Top of Stack: (sp=0x2776f598)
0x2776f598:   77335b16 2776f5c4 001f0003 00000000
0x2776f5a8:   00000000 00000000 003148bc 00000000
0x2776f5b8:   00000001 57456e78 29cc5400 00001440
0x2776f5c8:   00000004 003148bc 12f39750 29cc5540
0x2776f5d8:   003148a8 00000000 ceb509f2 297f9c1c
0x2776f5e8:   2776f618 77335a74 00000000 00000000
0x2776f5f8:   00000001 001f0003 003148bc 12f39750
0x2776f608:   29cc5540 764bdd70 00000000 00000000 

Instructions: (pc=0x77e8092c)
0x77e8090c:   c3 8d 49 00 b8 47 00 0a 00 ba c0 4f e9 77 ff d2
0x77e8091c:   c2 0c 00 90 b8 48 00 00 00 ba c0 4f e9 77 ff d2
0x77e8092c:   c2 14 00 90 b8 49 00 00 00 ba c0 4f e9 77 ff d2
0x77e8093c:   c2 14 00 90 b8 4a 00 00 00 ba c0 4f e9 77 ff d2 


Register to memory mapping:

EAX=0x00000000 is an unknown value
EBX=0x00000000 is an unknown value
ECX=0x00000000 is an unknown value
EDX=0x00000000 is an unknown value
ESP=0x2776f598 is pointing into the stack for thread: 0x29cc5400
EBP=0x2776f5e8 is pointing into the stack for thread: 0x29cc5400
ESI=0x00000000 is an unknown value
EDI=0x003148bc is an unknown value


Stack: [0x27720000,0x27770000],  sp=0x2776f598,  free space=317k
Native frames: (J=compiled Java code, j=interpreted, Vv=VM code, C=native code)
C  [ntdll.dll+0x7092c]
C  [KERNELBASE.dll+0x115a74]
C  [jSSC-2.8_x86.dll+0x1b28]
J 3362 C1 jssc.SerialPort$EventThread.run()V (84 bytes) @ 0x02dcbe40 [0x02dcbdf0+0x50]
v  ~StubRoutines::call_stub
V  [jvm.dll+0x15c315]
V  [jvm.dll+0x223ece]
V  [jvm.dll+0x15c3ae]
V  [jvm.dll+0x15c536]
V  [jvm.dll+0x15c5a7]
V  [jvm.dll+0x1002ef]
V  [jvm.dll+0x17f550]
V  [jvm.dll+0x17fdca]
V  [jvm.dll+0x1c57a6]
C  [msvcr100.dll+0x5c556]
C  [msvcr100.dll+0x5c600]
C  [KERNEL32.DLL+0x20179]
C  [ntdll.dll+0x6662d]
C  [ntdll.dll+0x665fd]
C  0x00000000

Java frames: (J=compiled Java code, j=interpreted, Vv=VM code)
J 2314  jssc.SerialNativeInterface.waitEvents(J)[[I (0 bytes) @ 0x02ea5a9d [0x02ea5a50+0x4d]
J 3362 C1 jssc.SerialPort$EventThread.run()V (84 bytes) @ 0x02dcbe40 [0x02dcbdf0+0x50]
v  ~StubRoutines::call_stub

---------------  P R O C E S S  ---------------

Java Threads: ( => current thread )
=>0x29cc5400 JavaThread "EventThread COM10" [_thread_in_native, id=25832, stack(0x27720000,0x27770000)]
  0x29cc5c00 JavaThread "DestroyJavaVM" [_thread_blocked, id=9040, stack(0x02a90000,0x02ae0000)]
  0x28ed0800 JavaThread "TimerQueue" daemon [_thread_blocked, id=22756, stack(0x2ac30000,0x2ac80000)]
  0x28ecfc00 JavaThread "AWT-EventQueue-0" [_thread_blocked, id=19208, stack(0x29b60000,0x29bb0000)]
  0x28ecf800 JavaThread "AWT-Shutdown" [_thread_blocked, id=8500, stack(0x28b00000,0x28b50000)]
  0x28ecd800 JavaThread "Batik CleanerThread" daemon [_thread_blocked, id=20544, stack(0x29460000,0x294b0000)]
  0x28eccc00 JavaThread "JmDNS(VladsKingdom.local.).State.Timer" [_thread_blocked, id=24432, stack(0x292d0000,0x29320000)]
  0x28ecd000 JavaThread "JmDNS(VladsKingdom.local.).Timer" daemon [_thread_blocked, id=8732, stack(0x29240000,0x29290000)]
  0x28ecf000 JavaThread "SocketListener(VladsKingdom.local.)" daemon [_thread_in_native, id=19652, stack(0x28d80000,0x28dd0000)]
  0x28ecec00 JavaThread "JmDNS(VladsKingdom-mshome-net.local.).State.Timer" [_thread_blocked, id=19600, stack(0x28cf0000,0x28d40000)]
  0x28ecc400 JavaThread "JmDNS(VladsKingdom-mshome-net.local.).Timer" daemon [_thread_blocked, id=19284, stack(0x28b50000,0x28ba0000)]
  0x28ecb400 JavaThread "SocketListener(VladsKingdom-mshome-net.local.)" daemon [_thread_in_native, id=23392, stack(0x27e60000,0x27eb0000)]
  0x28e87400 JavaThread "JmDNS(VladsKingdom.local.).State.Timer" [_thread_blocked, id=8064, stack(0x27c20000,0x27c70000)]
  0x28e8ac00 JavaThread "JmDNS(VladsKingdom.local.).Timer" daemon [_thread_blocked, id=25012, stack(0x27b90000,0x27be0000)]
  0x28e8a400 JavaThread "SocketListener(VladsKingdom.local.)" daemon [_thread_in_native, id=5412, stack(0x27b00000,0x27b50000)]
  0x28e88000 JavaThread "JmDNS(VladsKingdom.local.).State.Timer" [_thread_blocked, id=23736, stack(0x279e0000,0x27a30000)]
  0x269a7400 JavaThread "Multihomed mDNS.Timer" daemon [_thread_blocked, id=8620, stack(0x28150000,0x281a0000)]
  0x269a8000 JavaThread "cc.arduino.packages.discoverers.serial.SerialDiscovery" [_thread_blocked, id=19112, stack(0x251e0000,0x25230000)]
  0x266f0400 JavaThread "AWT-Windows" daemon [_thread_in_native, id=20720, stack(0x26cd0000,0x26d20000)]
  0x267ea000 JavaThread "Java2D Disposer" daemon [_thread_blocked, id=12224, stack(0x26550000,0x265a0000)]
  0x2546e800 JavaThread "Service Thread" daemon [_thread_blocked, id=20332, stack(0x26430000,0x26480000)]
  0x025d3800 JavaThread "C1 CompilerThread0" daemon [_thread_blocked, id=21252, stack(0x263a0000,0x263f0000)]
  0x025d2c00 JavaThread "Attach Listener" daemon [_thread_blocked, id=24948, stack(0x26310000,0x26360000)]
  0x025c4800 JavaThread "Signal Dispatcher" daemon [_thread_blocked, id=26668, stack(0x26280000,0x262d0000)]
  0x025c2800 JavaThread "Finalizer" daemon [_thread_blocked, id=21092, stack(0x25320000,0x25370000)]
  0x025c1400 JavaThread "Reference Handler" daemon [_thread_blocked, id=25288, stack(0x25290000,0x252e0000)]

Other Threads:
  0x02553c00 VMThread [stack: 0x25150000,0x251a0000] [id=26340]
  0x2546f400 WatcherThread [stack: 0x264c0000,0x26510000] [id=25796]

VM state:not at safepoint (normal execution)

VM Mutex/Monitor currently owned by a thread: None

Heap:
 def new generation   total 39424K, used 23080K [0x04c00000, 0x076c0000, 0x0f6a0000)
  eden space 35072K,  65% used [0x04c00000, 0x06274020, 0x06e40000)
  from space 4352K,   2% used [0x06e40000, 0x06e56260, 0x07280000)
  to   space 4352K,   0% used [0x07280000, 0x07280000, 0x076c0000)
 tenured generation   total 87424K, used 58612K [0x0f6a0000, 0x14c00000, 0x24c00000)
   the space 87424K,  67% used [0x0f6a0000, 0x12fdd328, 0x12fdd400, 0x14c00000)
 Metaspace       used 21391K, capacity 22066K, committed 22144K, reserved 22912K

Card table byte_map: [0x04ae0000,0x04bf0000] byte_map_base: 0x04aba000

Polling page: 0x001d0000

CodeCache: size=32768Kb used=2933Kb max_used=4886Kb free=29834Kb
 bounds [0x02ae0000, 0x02fa8000, 0x04ae0000]
 total_blobs=1657 nmethods=1377 adapters=207
 compilation: enabled

Compilation events (10 events):
Event: 3414.347 Thread 0x025d3800 3664             java.util.HashMap$ValueIterator::next (8 bytes)
Event: 3414.347 Thread 0x025d3800 nmethod 3664 0x02dca7c8 code [0x02dca8d0, 0x02dca96c]
Event: 3414.353 Thread 0x025d3800 3665             sun.misc.MetaIndex::mayContain (51 bytes)
Event: 3414.353 Thread 0x025d3800 nmethod 3665 0x02ea8248 code [0x02ea8370, 0x02ea84e8]
Event: 3414.356 Thread 0x025d3800 3666             java.lang.Integer::hashCode (8 bytes)
Event: 3414.356 Thread 0x025d3800 nmethod 3666 0x02dca608 code [0x02dca700, 0x02dca780]
Event: 3414.356 Thread 0x025d3800 3667             java.lang.Integer::hashCode (2 bytes)
Event: 3414.356 Thread 0x025d3800 nmethod 3667 0x02ee79c8 code [0x02ee7ac0, 0x02ee7b30]
Event: 3423.284 Thread 0x025d3800 3668             java.util.ArrayList::<init> (61 bytes)
Event: 3423.285 Thread 0x025d3800 nmethod 3668 0x02eeb688 code [0x02eeb7c0, 0x02eebaf0]

GC Heap History (10 events):
Event: 1585.585 GC heap before
{Heap before GC invocations=183 (full 2):
 def new generation   total 39424K, used 35077K [0x04c00000, 0x076c0000, 0x0f6a0000)
  eden space 35072K, 100% used [0x04c00000, 0x06e40000, 0x06e40000)
  from space 4352K,   0% used [0x07280000, 0x07281648, 0x076c0000)
  to   space 4352K,   0% used [0x06e40000, 0x06e40000, 0x07280000)
 tenured generation   total 87424K, used 58612K [0x0f6a0000, 0x14c00000, 0x24c00000)
   the space 87424K,  67% used [0x0f6a0000, 0x12fdd328, 0x12fdd400, 0x14c00000)
 Metaspace       used 21359K, capacity 22034K, committed 22144K, reserved 22912K
Event: 1585.587 GC heap after
Heap after GC invocations=184 (full 2):
 def new generation   total 39424K, used 4K [0x04c00000, 0x076c0000, 0x0f6a0000)
  eden space 35072K,   0% used [0x04c00000, 0x04c00000, 0x06e40000)
  from space 4352K,   0% used [0x06e40000, 0x06e413a0, 0x07280000)
  to   space 4352K,   0% used [0x07280000, 0x07280000, 0x076c0000)
 tenured generation   total 87424K, used 58612K [0x0f6a0000, 0x14c00000, 0x24c00000)
   the space 87424K,  67% used [0x0f6a0000, 0x12fdd328, 0x12fdd400, 0x14c00000)
 Metaspace       used 21359K, capacity 22034K, committed 22144K, reserved 22912K
}
Event: 1594.767 GC heap before
{Heap before GC invocations=184 (full 2):
 def new generation   total 39424K, used 35076K [0x04c00000, 0x076c0000, 0x0f6a0000)
  eden space 35072K, 100% used [0x04c00000, 0x06e40000, 0x06e40000)
  from space 4352K,   0% used [0x06e40000, 0x06e413a0, 0x07280000)
  to   space 4352K,   0% used [0x07280000, 0x07280000, 0x076c0000)
 tenured generation   total 87424K, used 58612K [0x0f6a0000, 0x14c00000, 0x24c00000)
   the space 87424K,  67% used [0x0f6a0000, 0x12fdd328, 0x12fdd400, 0x14c00000)
 Metaspace       used 21359K, capacity 22034K, committed 22144K, reserved 22912K
Event: 1594.769 GC heap after
Heap after GC invocations=185 (full 2):
 def new generation   total 39424K, used 11K [0x04c00000, 0x076c0000, 0x0f6a0000)
  eden space 35072K,   0% used [0x04c00000, 0x04c00000, 0x06e40000)
  from space 4352K,   0% used [0x07280000, 0x07282f08, 0x076c0000)
  to   space 4352K,   0% used [0x06e40000, 0x06e40000, 0x07280000)
 tenured generation   total 87424K, used 58612K [0x0f6a0000, 0x14c00000, 0x24c00000)
   the space 87424K,  67% used [0x0f6a0000, 0x12fdd328, 0x12fdd400, 0x14c00000)
 Metaspace       used 21359K, capacity 22034K, committed 22144K, reserved 22912K
}
Event: 1603.487 GC heap before
{Heap before GC invocations=185 (full 2):
 def new generation   total 39424K, used 35083K [0x04c00000, 0x076c0000, 0x0f6a0000)
  eden space 35072K, 100% used [0x04c00000, 0x06e40000, 0x06e40000)
  from space 4352K,   0% used [0x07280000, 0x07282f08, 0x076c0000)
  to   space 4352K,   0% used [0x06e40000, 0x06e40000, 0x07280000)
 tenured generation   total 87424K, used 58612K [0x0f6a0000, 0x14c00000, 0x24c00000)
   the space 87424K,  67% used [0x0f6a0000, 0x12fdd328, 0x12fdd400, 0x14c00000)
 Metaspace       used 21359K, capacity 22034K, committed 22144K, reserved 22912K
Event: 1603.489 GC heap after
Heap after GC invocations=186 (full 2):
 def new generation   total 39424K, used 4K [0x04c00000, 0x076c0000, 0x0f6a0000)
  eden space 35072K,   0% used [0x04c00000, 0x04c00000, 0x06e40000)
  from space 4352K,   0% used [0x06e40000, 0x06e413b0, 0x07280000)
  to   space 4352K,   0% used [0x07280000, 0x07280000, 0x076c0000)
 tenured generation   total 87424K, used 58612K [0x0f6a0000, 0x14c00000, 0x24c00000)
   the space 87424K,  67% used [0x0f6a0000, 0x12fdd328, 0x12fdd400, 0x14c00000)
 Metaspace       used 21359K, capacity 22034K, committed 22144K, reserved 22912K
}
Event: 1615.713 GC heap before
{Heap before GC invocations=186 (full 2):
 def new generation   total 39424K, used 35076K [0x04c00000, 0x076c0000, 0x0f6a0000)
  eden space 35072K, 100% used [0x04c00000, 0x06e40000, 0x06e40000)
  from space 4352K,   0% used [0x06e40000, 0x06e413b0, 0x07280000)
  to   space 4352K,   0% used [0x07280000, 0x07280000, 0x076c0000)
 tenured generation   total 87424K, used 58612K [0x0f6a0000, 0x14c00000, 0x24c00000)
   the space 87424K,  67% used [0x0f6a0000, 0x12fdd328, 0x12fdd400, 0x14c00000)
 Metaspace       used 21359K, capacity 22034K, committed 22144K, reserved 22912K
Event: 1615.716 GC heap after
Heap after GC invocations=187 (full 2):
 def new generation   total 39424K, used 4K [0x04c00000, 0x076c0000, 0x0f6a0000)
  eden space 35072K,   0% used [0x04c00000, 0x04c00000, 0x06e40000)
  from space 4352K,   0% used [0x07280000, 0x072813b8, 0x076c0000)
  to   space 4352K,   0% used [0x06e40000, 0x06e40000, 0x07280000)
 tenured generation   total 87424K, used 58612K [0x0f6a0000, 0x14c00000, 0x24c00000)
   the space 87424K,  67% used [0x0f6a0000, 0x12fdd328, 0x12fdd400, 0x14c00000)
 Metaspace       used 21359K, capacity 22034K, committed 22144K, reserved 22912K
}
Event: 3421.724 GC heap before
{Heap before GC invocations=187 (full 2):
 def new generation   total 39424K, used 35076K [0x04c00000, 0x076c0000, 0x0f6a0000)
  eden space 35072K, 100% used [0x04c00000, 0x06e40000, 0x06e40000)
  from space 4352K,   0% used [0x07280000, 0x072813b8, 0x076c0000)
  to   space 4352K,   0% used [0x06e40000, 0x06e40000, 0x07280000)
 tenured generation   total 87424K, used 58612K [0x0f6a0000, 0x14c00000, 0x24c00000)
   the space 87424K,  67% used [0x0f6a0000, 0x12fdd328, 0x12fdd400, 0x14c00000)
 Metaspace       used 21391K, capacity 22066K, committed 22144K, reserved 22912K
Event: 3421.727 GC heap after
Heap after GC invocations=188 (full 2):
 def new generation   total 39424K, used 88K [0x04c00000, 0x076c0000, 0x0f6a0000)
  eden space 35072K,   0% used [0x04c00000, 0x04c00000, 0x06e40000)
  from space 4352K,   2% used [0x06e40000, 0x06e56260, 0x07280000)
  to   space 4352K,   0% used [0x07280000, 0x07280000, 0x076c0000)
 tenured generation   total 87424K, used 58612K [0x0f6a0000, 0x14c00000, 0x24c00000)
   the space 87424K,  67% used [0x0f6a0000, 0x12fdd328, 0x12fdd400, 0x14c00000)
 Metaspace       used 21391K, capacity 22066K, committed 22144K, reserved 22912K
}

Deoptimization events (0 events):
No events

Classes redefined (0 events):
No events

Internal exceptions (10 events):
Event: 386.679 Thread 0x29cc8c00 Exception <a 'sun/nio/fs/WindowsException'> (0x0669c258) thrown at [C:\workspace\8-2-build-windows-i586-cygwin\jdk8u191\11896\hotspot\src\share\vm\prims\jni.cpp, line 709]
Event: 386.680 Thread 0x29cc8c00 Exception <a 'sun/nio/fs/WindowsException'> (0x066a5e08) thrown at [C:\workspace\8-2-build-windows-i586-cygwin\jdk8u191\11896\hotspot\src\share\vm\prims\jni.cpp, line 709]
Event: 386.680 Thread 0x29cc8c00 Exception <a 'sun/nio/fs/WindowsException'> (0x066a63d8) thrown at [C:\workspace\8-2-build-windows-i586-cygwin\jdk8u191\11896\hotspot\src\share\vm\prims\jni.cpp, line 709]
Event: 386.681 Thread 0x29cc8c00 Exception <a 'sun/nio/fs/WindowsException'> (0x066add38) thrown at [C:\workspace\8-2-build-windows-i586-cygwin\jdk8u191\11896\hotspot\src\share\vm\prims\jni.cpp, line 709]
Event: 386.681 Thread 0x29cc8c00 Exception <a 'sun/nio/fs/WindowsException'> (0x066ae2f0) thrown at [C:\workspace\8-2-build-windows-i586-cygwin\jdk8u191\11896\hotspot\src\share\vm\prims\jni.cpp, line 709]
Event: 386.683 Thread 0x29cc8c00 Exception <a 'sun/nio/fs/WindowsException'> (0x066c1fc0) thrown at [C:\workspace\8-2-build-windows-i586-cygwin\jdk8u191\11896\hotspot\src\share\vm\prims\jni.cpp, line 709]
Event: 386.683 Thread 0x29cc8c00 Exception <a 'sun/nio/fs/WindowsException'> (0x066c2578) thrown at [C:\workspace\8-2-build-windows-i586-cygwin\jdk8u191\11896\hotspot\src\share\vm\prims\jni.cpp, line 709]
Event: 386.685 Thread 0x29cc8c00 Exception <a 'sun/nio/fs/WindowsException'> (0x066d1ee0) thrown at [C:\workspace\8-2-build-windows-i586-cygwin\jdk8u191\11896\hotspot\src\share\vm\prims\jni.cpp, line 709]
Event: 386.685 Thread 0x29cc8c00 Exception <a 'sun/nio/fs/WindowsException'> (0x066d24c0) thrown at [C:\workspace\8-2-build-windows-i586-cygwin\jdk8u191\11896\hotspot\src\share\vm\prims\jni.cpp, line 709]
Event: 3698.720 Thread 0x28e88000 Exception <a 'java/net/SocketException': Network is unreachable: Datagram send failed> (0x06265ae8) thrown at [C:\workspace\8-2-build-windows-i586-cygwin\jdk8u191\11896\hotspot\src\share\vm\prims\jni.cpp, line 735]

Events (10 events):
Event: 3421.729 Executing VM operation: RevokeBias
Event: 3421.729 Executing VM operation: RevokeBias done
Event: 3421.729 Executing VM operation: RevokeBias
Event: 3421.729 Executing VM operation: RevokeBias done
Event: 3421.730 Executing VM operation: RevokeBias
Event: 3421.730 Executing VM operation: RevokeBias done
Event: 3421.730 Executing VM operation: BulkRevokeBias
Event: 3421.730 Executing VM operation: BulkRevokeBias done
Event: 3423.030 Thread 0x28ed1000 Thread exited: 0x28ed1000
Event: 3698.938 Executing VM operation: RevokeBias


Dynamic libraries:
0x00940000 - 0x00973000 	C:\Program Files\WindowsApps\ArduinoLLC.ArduinoIDE_1.8.21.0_x86__mdqgnx93n4wtt\java\bin\javaw.exe
0x77e10000 - 0x77fac000 	C:\WINDOWS\SYSTEM32\ntdll.dll
0x76130000 - 0x76210000 	C:\WINDOWS\System32\KERNEL32.DLL
0x77220000 - 0x7741a000 	C:\WINDOWS\System32\KERNELBASE.dll
0x754b0000 - 0x7552e000 	C:\WINDOWS\System32\ADVAPI32.dll
0x76460000 - 0x76520000 	C:\WINDOWS\System32\msvcrt.dll
0x76de0000 - 0x76e59000 	C:\WINDOWS\System32\sechost.dll
0x75530000 - 0x755ef000 	C:\WINDOWS\System32\RPCRT4.dll
0x75480000 - 0x754a0000 	C:\WINDOWS\System32\SspiCli.dll
0x75470000 - 0x7547a000 	C:\WINDOWS\System32\CRYPTBASE.dll
0x77c90000 - 0x77cf2000 	C:\WINDOWS\System32\bcryptPrimitives.dll
0x75f90000 - 0x76129000 	C:\WINDOWS\System32\USER32.dll
0x76f80000 - 0x76f97000 	C:\WINDOWS\System32\win32u.dll
0x77420000 - 0x77443000 	C:\WINDOWS\System32\GDI32.dll
0x76c20000 - 0x76d87000 	C:\WINDOWS\System32\gdi32full.dll
0x77a70000 - 0x77af0000 	C:\WINDOWS\System32\msvcp_win.dll
0x75d70000 - 0x75e92000 	C:\WINDOWS\System32\ucrtbase.dll
0x71aa0000 - 0x71caf000 	C:\WINDOWS\WinSxS\x86_microsoft.windows.common-controls_6595b64144ccf1df_6.0.17763.379_none_4d6572bf1b98bda7\COMCTL32.dll
0x76fa0000 - 0x77218000 	C:\WINDOWS\System32\combase.dll
0x75ea0000 - 0x75ec5000 	C:\WINDOWS\System32\IMM32.DLL
0x5a8f0000 - 0x5a9af000 	C:\Program Files\WindowsApps\ArduinoLLC.ArduinoIDE_1.8.21.0_x86__mdqgnx93n4wtt\java\bin\msvcr100.dll
0x57380000 - 0x57753000 	C:\Program Files\WindowsApps\ArduinoLLC.ArduinoIDE_1.8.21.0_x86__mdqgnx93n4wtt\java\bin\client\jvm.dll
0x76660000 - 0x76666000 	C:\WINDOWS\System32\PSAPI.DLL
0x70d70000 - 0x70d94000 	C:\WINDOWS\SYSTEM32\WINMM.dll
0x6f5b0000 - 0x6f5b8000 	C:\WINDOWS\SYSTEM32\WSOCK32.dll
0x75380000 - 0x75388000 	C:\WINDOWS\SYSTEM32\VERSION.dll
0x76300000 - 0x7635f000 	C:\WINDOWS\System32\WS2_32.dll
0x70d40000 - 0x70d63000 	C:\WINDOWS\SYSTEM32\winmmbase.dll
0x76d90000 - 0x76dcb000 	C:\WINDOWS\System32\cfgmgr32.dll
0x5b700000 - 0x5b730000 	C:\Program Files\WindowsApps\ArduinoLLC.ArduinoIDE_1.8.21.0_x86__mdqgnx93n4wtt\java\bin\splashscreen.dll
0x5b180000 - 0x5b18c000 	C:\Program Files\WindowsApps\ArduinoLLC.ArduinoIDE_1.8.21.0_x86__mdqgnx93n4wtt\java\bin\verify.dll
0x5a8c0000 - 0x5a8e2000 	C:\Program Files\WindowsApps\ArduinoLLC.ArduinoIDE_1.8.21.0_x86__mdqgnx93n4wtt\java\bin\java.dll
0x72a30000 - 0x72aab000 	C:\WINDOWS\system32\uxtheme.dll
0x76520000 - 0x7665d000 	C:\WINDOWS\System32\MSCTF.dll
0x77d60000 - 0x77dfb000 	C:\WINDOWS\System32\OLEAUT32.dll
0x5a8a0000 - 0x5a8b4000 	C:\Program Files\WindowsApps\ArduinoLLC.ArduinoIDE_1.8.21.0_x86__mdqgnx93n4wtt\java\bin\zip.dll
0x76dd0000 - 0x76ddf000 	C:\WINDOWS\System32\kernel.appcore.dll
0x6efa0000 - 0x6f026000 	C:\WINDOWS\SYSTEM32\TextInputFramework.dll
0x6df40000 - 0x6e1aa000 	C:\WINDOWS\SYSTEM32\CoreUIComponents.dll
0x6e6e0000 - 0x6e76f000 	C:\WINDOWS\SYSTEM32\CoreMessaging.dll
0x75780000 - 0x75809000 	C:\WINDOWS\System32\SHCORE.dll
0x71190000 - 0x711b9000 	C:\WINDOWS\SYSTEM32\ntmarta.dll
0x722e0000 - 0x723bb000 	C:\WINDOWS\SYSTEM32\wintypes.dll
0x76670000 - 0x76bbe000 	C:\WINDOWS\System32\SHELL32.dll
0x77470000 - 0x77a6c000 	C:\WINDOWS\System32\windows.storage.dll
0x76270000 - 0x7628c000 	C:\WINDOWS\System32\profapi.dll
0x76bc0000 - 0x76c14000 	C:\WINDOWS\System32\powrprof.dll
0x762b0000 - 0x762f4000 	C:\WINDOWS\System32\shlwapi.dll
0x77450000 - 0x77462000 	C:\WINDOWS\System32\cryptsp.dll
0x6d060000 - 0x6d086000 	C:\WINDOWS\SYSTEM32\dwmapi.dll
0x77af0000 - 0x77c89000 	C:\WINDOWS\System32\CRYPT32.dll
0x77d00000 - 0x77d0e000 	C:\WINDOWS\System32\MSASN1.dll
0x61940000 - 0x619b3000 	C:\Program Files\WindowsApps\ArduinoLLC.ArduinoIDE_1.8.21.0_x86__mdqgnx93n4wtt\lib\listSerialsj.dll
0x75810000 - 0x75c5b000 	C:\WINDOWS\System32\SETUPAPI.dll
0x75760000 - 0x75779000 	C:\WINDOWS\System32\bcrypt.dll
0x5a620000 - 0x5a63d000 	C:\Program Files\WindowsApps\ArduinoLLC.ArduinoIDE_1.8.21.0_x86__mdqgnx93n4wtt\lib\jnidispatch-4.2.2-win32-x86.dll
0x76360000 - 0x7645c000 	C:\WINDOWS\System32\Ole32.dll
0x5a4d0000 - 0x5a617000 	C:\Program Files\WindowsApps\ArduinoLLC.ArduinoIDE_1.8.21.0_x86__mdqgnx93n4wtt\java\bin\awt.dll
0x720c0000 - 0x7215c000 	C:\WINDOWS\SYSTEM32\apphelp.dll
0x5a460000 - 0x5a499000 	C:\Program Files\WindowsApps\ArduinoLLC.ArduinoIDE_1.8.21.0_x86__mdqgnx93n4wtt\java\bin\fontmanager.dll
0x5c0c0000 - 0x5c199000 	C:\WINDOWS\system32\opengl32.dll
0x5c6e0000 - 0x5c71f000 	C:\WINDOWS\SYSTEM32\GLU32.dll
0x5a4b0000 - 0x5a4c5000 	C:\Program Files\WindowsApps\ArduinoLLC.ArduinoIDE_1.8.21.0_x86__mdqgnx93n4wtt\java\bin\net.dll
0x72b80000 - 0x72bd2000 	C:\WINDOWS\system32\mswsock.dll
0x5b170000 - 0x5b17f000 	C:\Program Files\WindowsApps\ArduinoLLC.ArduinoIDE_1.8.21.0_x86__mdqgnx93n4wtt\java\bin\nio.dll
0x5a420000 - 0x5a452000 	C:\Program Files\WindowsApps\ArduinoLLC.ArduinoIDE_1.8.21.0_x86__mdqgnx93n4wtt\java\bin\t2k.dll
0x72ab0000 - 0x72ad3000 	C:\WINDOWS\SYSTEM32\DEVOBJ.dll
0x77d10000 - 0x77d55000 	C:\WINDOWS\System32\WINTRUST.dll
0x71cb0000 - 0x71ce3000 	C:\WINDOWS\SYSTEM32\IPHLPAPI.DLL
0x754a0000 - 0x754a7000 	C:\WINDOWS\System32\NSI.dll
0x6f310000 - 0x6f323000 	C:\WINDOWS\SYSTEM32\dhcpcsvc6.DLL
0x70de0000 - 0x70df4000 	C:\WINDOWS\SYSTEM32\dhcpcsvc.DLL
0x6f120000 - 0x6f1b0000 	C:\WINDOWS\SYSTEM32\DNSAPI.dll
0x6d020000 - 0x6d028000 	C:\Windows\System32\rasadhlp.dll
0x6cfc0000 - 0x6d011000 	C:\WINDOWS\System32\fwpuclnt.dll
0x5a3b0000 - 0x5a419000 	C:\Program Files\WindowsApps\ArduinoLLC.ArduinoIDE_1.8.21.0_x86__mdqgnx93n4wtt\msvcp100.dll
0x5a2f0000 - 0x5a3ae000 	C:\Program Files\WindowsApps\ArduinoLLC.ArduinoIDE_1.8.21.0_x86__mdqgnx93n4wtt\msvcr100.dll
0x265a0000 - 0x265d2000 	C:\Program Files\WindowsApps\ArduinoLLC.ArduinoIDE_1.8.21.0_x86__mdqgnx93n4wtt\lib\AStylej.dll
0x5a2c0000 - 0x5a2e4000 	C:\Program Files\WindowsApps\ArduinoLLC.ArduinoIDE_1.8.21.0_x86__mdqgnx93n4wtt\java\bin\dcpr.dll
0x76ef0000 - 0x76f71000 	C:\WINDOWS\System32\clbcatq.dll
0x5ca50000 - 0x5cbc1000 	C:\WINDOWS\SYSTEM32\WindowsCodecs.dll
0x5d0c0000 - 0x5d10d000 	C:\WINDOWS\system32\dataexchange.dll
0x6e9c0000 - 0x6ebe9000 	C:\WINDOWS\system32\d3d11.dll
0x6f1b0000 - 0x6f30f000 	C:\WINDOWS\system32\dcomp.dll
0x6f4f0000 - 0x6f594000 	C:\WINDOWS\system32\dxgi.dll
0x6e770000 - 0x6e913000 	C:\WINDOWS\system32\twinapi.appcore.dll
0x6e6c0000 - 0x6e6de000 	C:\WINDOWS\system32\RMCLIENT.dll
0x64000000 - 0x6401b000 	C:\Users\vladi\.jssc\windows\jSSC-2.8_x86.dll
0x69370000 - 0x693dd000 	C:\WINDOWS\SYSTEM32\daxexec.dll
0x69340000 - 0x69369000 	C:\WINDOWS\SYSTEM32\container.dll
0x723c0000 - 0x723c8000 	C:\WINDOWS\SYSTEM32\FLTLIB.DLL
0x5a270000 - 0x5a2b5000 	C:\WINDOWS\SYSTEM32\capauthz.dll
0x5a250000 - 0x5a270000 	C:\Program Files\WindowsApps\ArduinoLLC.ArduinoIDE_1.8.21.0_x86__mdqgnx93n4wtt\java\bin\sunec.dll
0x73710000 - 0x7373f000 	C:\WINDOWS\system32\rsaenh.dll
0x72210000 - 0x72233000 	C:\WINDOWS\SYSTEM32\USERENV.dll
0x5aca0000 - 0x5aca9000 	C:\Program Files\WindowsApps\ArduinoLLC.ArduinoIDE_1.8.21.0_x86__mdqgnx93n4wtt\java\bin\sunmscapi.dll
0x75c60000 - 0x75d5a000 	C:\WINDOWS\System32\COMDLG32.dll
0x5ad30000 - 0x5b159000 	C:\WINDOWS\system32\explorerframe.dll
0x728b0000 - 0x72a2e000 	C:\WINDOWS\system32\propsys.dll
0x5a120000 - 0x5a1a4000 	C:\Program Files (x86)\Common Files\microsoft shared\ink\tiptsf.dll
0x72870000 - 0x728ad000 	C:\WINDOWS\SYSTEM32\edputil.dll
0x57250000 - 0x57374000 	C:\WINDOWS\system32\NetworkExplorer.dll
0x5ac50000 - 0x5ac9e000 	C:\Windows\System32\thumbcache.dll
0x662c0000 - 0x66369000 	C:\WINDOWS\SYSTEM32\ntshrui.dll
0x69300000 - 0x6931c000 	C:\WINDOWS\SYSTEM32\srvcli.dll
0x71180000 - 0x7118e000 	C:\WINDOWS\SYSTEM32\cscapi.dll
0x66370000 - 0x663f8000 	C:\WINDOWS\System32\StructuredQuery.dll
0x5abe0000 - 0x5ac4f000 	C:\WINDOWS\SYSTEM32\policymanager.dll
0x5cef0000 - 0x5cf57000 	C:\WINDOWS\SYSTEM32\msvcp110_win.dll
0x571b0000 - 0x57250000 	C:\WINDOWS\system32\Windows.Storage.Search.dll
0x723d0000 - 0x723eb000 	C:\WINDOWS\SYSTEM32\CLDAPI.dll
0x72250000 - 0x722d7000 	C:\Windows\System32\Windows.StateRepositoryPS.dll
0x5a1e0000 - 0x5a234000 	C:\Program Files (x86)\Dropbox\Client\DropboxExt.27.0.dll
0x721a0000 - 0x721b3000 	C:\WINDOWS\system32\mssprxy.dll
0x5c670000 - 0x5c6d8000 	C:\WINDOWS\system32\PhotoMetadataHandler.dll
0x57070000 - 0x571aa000 	C:\Users\vladi\AppData\Local\Microsoft\OneDrive\19.033.0218.0009\FileSyncShell.dll
0x71250000 - 0x716c1000 	C:\WINDOWS\SYSTEM32\WININET.dll
0x6f840000 - 0x6f849000 	C:\WINDOWS\SYSTEM32\ktmw32.dll
0x5a1b0000 - 0x5a1b8000 	C:\WINDOWS\system32\IconCodecService.dll
0x72180000 - 0x72198000 	C:\WINDOWS\SYSTEM32\MPR.dll
0x57030000 - 0x5706f000 	C:\Windows\System32\dlnashext.dll
0x56fe0000 - 0x57029000 	C:\Windows\System32\PlayToDevice.dll
0x5a0a0000 - 0x5a0bb000 	C:\Windows\System32\DevDispItemProvider.dll
0x5cd10000 - 0x5cd6e000 	C:\WINDOWS\System32\MMDevApi.dll
0x6ec20000 - 0x6ef96000 	C:\Windows\System32\OneCoreUAPCommonProxyStub.dll
0x56d70000 - 0x56df3000 	C:\Windows\System32\PortableDeviceApi.dll
0x5a110000 - 0x5a119000 	C:\WINDOWS\System32\drprov.dll
0x5a810000 - 0x5a853000 	C:\WINDOWS\System32\WINSTA.dll

VM Arguments:
jvm_args: -Dsun.java2d.d3d=false -Djna.nosys=true -Djna.nounpack=true -Djna.boot.library.name=jnidispatch-4.2.2-win32-x86 -Djna.boot.library.path=C:\Program Files\WindowsApps\ArduinoLLC.ArduinoIDE_1.8.21.0_x86__mdqgnx93n4wtt/lib -Djssc.library.path=C:\Program Files\WindowsApps\ArduinoLLC.ArduinoIDE_1.8.21.0_x86__mdqgnx93n4wtt/lib -DAPP_DIR=C:\Program Files\WindowsApps\ArduinoLLC.ArduinoIDE_1.8.21.0_x86__mdqgnx93n4wtt -Xms128M -Xmx512M -Dfile.encoding=UTF8 
java_command: processing.app.Base
java_class_path (initial): C:\Program Files\WindowsApps\ArduinoLLC.ArduinoIDE_1.8.21.0_x86__mdqgnx93n4wtt\lib\apple.jar;C:\Program Files\WindowsApps\ArduinoLLC.ArduinoIDE_1.8.21.0_x86__mdqgnx93n4wtt\lib\arduino-core.jar;C:\Program Files\WindowsApps\ArduinoLLC.ArduinoIDE_1.8.21.0_x86__mdqgnx93n4wtt\lib\batik-1.8.jar;C:\Program Files\WindowsApps\ArduinoLLC.ArduinoIDE_1.8.21.0_x86__mdqgnx93n4wtt\lib\batik-anim-1.8.jar;C:\Program Files\WindowsApps\ArduinoLLC.ArduinoIDE_1.8.21.0_x86__mdqgnx93n4wtt\lib\batik-awt-util-1.8.jar;C:\Program Files\WindowsApps\ArduinoLLC.ArduinoIDE_1.8.21.0_x86__mdqgnx93n4wtt\lib\batik-bridge-1.8.jar;C:\Program Files\WindowsApps\ArduinoLLC.ArduinoIDE_1.8.21.0_x86__mdqgnx93n4wtt\lib\batik-codec-1.8.jar;C:\Program Files\WindowsApps\ArduinoLLC.ArduinoIDE_1.8.21.0_x86__mdqgnx93n4wtt\lib\batik-css-1.8.jar;C:\Program Files\WindowsApps\ArduinoLLC.ArduinoIDE_1.8.21.0_x86__mdqgnx93n4wtt\lib\batik-dom-1.8.jar;C:\Program Files\WindowsApps\ArduinoLLC.ArduinoIDE_1.8.21.0_x86__mdqgnx93n4wtt\lib\batik-ext-1.8.jar;C:\Program Files\WindowsApps\ArduinoLLC.ArduinoIDE_1.8.21.0_x86__mdqgnx93n4wtt\lib\batik-gvt-1.8.jar;C:\Program Files\WindowsApps\ArduinoLLC.ArduinoIDE_1.8.21.0_x86__mdqgnx93n4wtt\lib\batik-parser-1.8.jar;C:\Program Files\WindowsApps\ArduinoLLC.ArduinoIDE_1.8.21.0_x86__mdqgnx93n4wtt\lib\batik-rasterizer-1.8.jar;C:\Program Files\WindowsApps\ArduinoLLC.ArduinoIDE_1.8.21.0_x86__mdqgnx93n4wtt\lib\batik-script-1.8.jar;C:\Program Files\WindowsApps\ArduinoLLC.ArduinoIDE_1.8.21.0_x86__mdqgnx93n4wtt\lib\batik-squiggle-1.8.jar;C:\Program Files\WindowsApps\ArduinoLLC.ArduinoIDE_1.8.21.0_x86__mdqgnx93n4wtt\lib\batik-svg-dom-1.8.jar;C:\Program Files\WindowsApps\ArduinoLLC.ArduinoIDE_1.8.21.0_x86__mdqgnx93n4wtt\lib\batik-svgpp-1.8.jar;C:\Program Files\WindowsApps\ArduinoLLC.ArduinoIDE_1.8.21.0_x86__mdqgnx93n4wtt\lib\batik-transcoder-1.8.jar;C:\Program Files\WindowsApps\ArduinoLLC.ArduinoIDE_1.8.21.0_x86__mdqgnx93n4wtt\lib\batik-util-1.8.jar;C:\Program Files\Windo
Launcher Type: SUN_STANDARD

Environment Variables:
JAVA_HOME=C:\Program Files (x86)\Java\jdk1.8.0_172
PATH=C:\Program Files (x86)\Intel\Intel(R) Management Engine Components\iCLS\;C:\Program Files\Intel\Intel(R) Management Engine Components\iCLS\;C:\Program Files\Docker\Docker\Resources\bin;C:\Program Files (x86)\Microsoft SDKs\Azure\CLI2\wbin;C:\Program Files\NVIDIA GPU Computing Toolkit\CUDA\v9.2\bin;C:\Program Files\NVIDIA GPU Computing Toolkit\CUDA\v9.2\libnvvp;C:\Windows\system32;C:\Windows;C:\Windows\System32\Wbem;C:\Windows\System32\WindowsPowerShell\v1.0\;C:\Program Files (x86)\NVIDIA Corporation\PhysX\Common;C:\WINDOWS\system32;C:\WINDOWS;C:\WINDOWS\System32\Wbem;C:\WINDOWS\System32\WindowsPowerShell\v1.0\;C:\WINDOWS\System32\OpenSSH\;C:\Program Files\Microsoft SQL Server\130\Tools\Binn\;C:\Program Files\nodejs\;C:\Program Files\PuTTY\;C:\Program Files\dotnet\;C:\Program Files (x86)\Microsoft SQL Server\Client SDK\ODBC\130\Tools\Binn\;C:\Program Files (x86)\Microsoft SQL Server\140\Tools\Binn\;C:\Program Files (x86)\Microsoft SQL Server\140\DTS\Binn\;C:\Program Files (x86)\Microsoft SQL Server\140\Tools\Binn\ManagementStudio\;C:\Program Files\tokei;C:\Program Files\Helm;C:\Program Files\Pandoc\;C:\Program Files\Microsoft VS Code\bin;C:\Program Files\Git\cmd;C:\Program Files\NVIDIA Corporation\NVIDIA NvDLISR;C:\WINDOWS\system32;C:\WINDOWS;C:\WINDOWS\System32\Wbem;C:\WINDOWS\System32\WindowsPowerShell\v1.0\;C:\WINDOWS\System32\OpenSSH\;C:\Program Files (x86)\Intel\Intel(R) Management Engine Components\DAL;C:\Program Files\Intel\Intel(R) Management Engine Components\DAL;C:\Users\vladi\AppData\Local\Microsoft\WindowsApps;C:\Program Files (x86)\Windows Kits\10\bin\10.0.17134.0\x64;C:\Users\vladi\OneDrive\Documents\WindowsPowerShell\Scripts;C:\Users\vladi\AppData\Local\Programs\Fiddler;C:\Users\vladi\AppData\Roaming\npm;C:\Users\vladi\.dotnet\tools;C:\Program Files;C:\Program Files\openssl-1.0.2p-x64_86-win64;C:\Users\vladi\AppData\Local\Microsoft\WindowsApps;C:\Program Files\WindowsApps\ArduinoLLC.ArduinoIDE_1.8.21.0_x86__mdqgnx93n4wtt\java\bin
USERNAME=vladi
OS=Windows_NT
PROCESSOR_IDENTIFIER=Intel64 Family 6 Model 158 Stepping 10, GenuineIntel



---------------  S Y S T E M  ---------------

OS: Windows 10.0 , 64 bit Build 17763 (10.0.17763.379)

CPU:total 12 (initial active 12) (6 cores per cpu, 2 threads per core) family 6 model 158 stepping 10, cmov, cx8, fxsr, mmx, sse, sse2, sse3, ssse3, sse4.1, sse4.2, popcnt, avx, avx2, aes, clmul, erms, 3dnowpref, lzcnt, ht, tsc, tscinvbit, bmi1, bmi2, adx

Memory: 4k page, physical 16502204k(6095472k free), swap 28036540k(12265112k free)

vm_info: Java HotSpot(TM) Client VM (25.191-b12) for windows-x86 JRE (1.8.0_191-b12), built on Oct  6 2018 08:34:23 by "java_re" with MS VC++ 10.0 (VS2010)

time: Tue Mar 26 00:15:56 2019
elapsed time: 3699 seconds (0d 1h 1m 39s)

